#
# There is insufficient memory for the Java Runtime Environment to continue.
# Native memory allocation (malloc) failed to allocate 1019376 bytes for Chunk::new
# Possible reasons:
#   The system is out of physical RAM or swap space
#   In 32 bit mode, the process size limit was hit
# Possible solutions:
#   Reduce memory load on the system
#   Increase physical memory or swap space
#   Check if swap backing store is full
#   Use 64 bit Java on a 64 bit OS
#   Decrease Java heap size (-Xmx/-Xms)
#   Decrease number of Java threads
#   Decrease Java thread stack sizes (-Xss)
#   Set larger code cache with -XX:ReservedCodeCacheSize=
# This output file may be truncated or incomplete.
#
#  Out of Memory Error (allocation.cpp:390), pid=30840, tid=0x00000000000074a4
#
# JRE version: OpenJDK Runtime Environment (8.0_152-b02) (build 1.8.0_152-release-1024-b02)
# Java VM: OpenJDK 64-Bit Server VM (25.152-b02 mixed mode windows-amd64 compressed oops)
# Failed to write core dump. Minidumps are not enabled by default on client versions of Windows
#

---------------  T H R E A D  ---------------

Current thread (0x0000000018989800):  JavaThread "C2 CompilerThread0" daemon [_thread_in_native, id=29860, stack(0x000000001a3e0000,0x000000001a4e0000)]

Stack: [0x000000001a3e0000,0x000000001a4e0000]
[error occurred during error reporting (printing stack bounds), id 0xc0000005]

Native frames: (J=compiled Java code, j=interpreted, Vv=VM code, C=native code)


Current CompileTask:
C2:  66397 8963       4       java.io.ObjectOutputStream::writeClassDesc (60 bytes)


---------------  P R O C E S S  ---------------

Java Threads: ( => current thread )
  0x000000001f192000 JavaThread "RMI TCP Connection(1)-127.0.0.1" daemon [_thread_in_native, id=23336, stack(0x0000000027ab0000,0x0000000027bb0000)]
  0x000000001f191000 JavaThread "RMI Reaper" [_thread_blocked, id=24196, stack(0x00000000279b0000,0x0000000027ab0000)]
  0x000000001f18e000 JavaThread "RMI TCP Accept-0" daemon [_thread_in_native, id=25284, stack(0x00000000278b0000,0x00000000279b0000)]
  0x000000001f193800 JavaThread "GC Daemon" daemon [_thread_blocked, id=33572, stack(0x00000000277b0000,0x00000000278b0000)]
  0x000000001f190800 JavaThread "RMI RenewClean-[localhost:17574,org.jetbrains.kotlin.daemon.common.LoopbackNetworkInterface$ClientLoopbackSocketFactory@4c600c3c]" daemon [_thread_blocked, id=5780, stack(0x00000000276b0000,0x00000000277b0000)]
  0x000000001f195000 JavaThread "RMI Scheduler(0)" daemon [_thread_blocked, id=17948, stack(0x00000000275b0000,0x00000000276b0000)]
  0x000000001ea89800 JavaThread "Task worker for ':' Thread 3" [_thread_blocked, id=23264, stack(0x00000000256b0000,0x00000000257b0000)]
  0x000000001ea87800 JavaThread "Task worker for ':' Thread 2" [_thread_blocked, id=10612, stack(0x00000000255b0000,0x00000000256b0000)]
  0x000000001ea89000 JavaThread "Task worker for ':'" [_thread_blocked, id=29204, stack(0x00000000254b0000,0x00000000255b0000)]
  0x000000001ea8a800 JavaThread "Cache worker for Build Output Cleanup Cache (D:\TheAndroidProject\.gradle\buildOutputCleanup)" [_thread_blocked, id=20212, stack(0x0000000024fa0000,0x00000000250a0000)]
  0x000000001ea82800 JavaThread "Cache worker for task history cache (D:\TheAndroidProject\.gradle\4.4\taskHistory)" [_thread_blocked, id=31132, stack(0x00000000237b0000,0x00000000238b0000)]
  0x000000001ea86000 JavaThread "Cache worker for file content cache (D:\TheAndroidProject\.gradle\4.4\fileContent)" [_thread_blocked, id=33812, stack(0x0000000022e00000,0x0000000022f00000)]
  0x000000001bf21000 JavaThread "Memory manager" [_thread_blocked, id=22704, stack(0x0000000022b00000,0x0000000022c00000)]
  0x000000001bf1c800 JavaThread "build operations Thread 4" [_thread_blocked, id=15688, stack(0x0000000022400000,0x0000000022500000)]
  0x000000001bf22800 JavaThread "build operations Thread 3" [_thread_blocked, id=2684, stack(0x0000000022090000,0x0000000022190000)]
  0x000000001bf1f800 JavaThread "build operations Thread 2" [_thread_blocked, id=1000, stack(0x0000000021f90000,0x0000000022090000)]
  0x000000001bf1e000 JavaThread "build operations" [_thread_blocked, id=34676, stack(0x0000000021e90000,0x0000000021f90000)]
  0x000000001bf1b800 JavaThread "Cache worker for Artifact transforms cache (C:\Users\Thinkad\.gradle\caches\transforms-1)" [_thread_blocked, id=14968, stack(0x0000000021860000,0x0000000021960000)]
  0x000000001d730800 JavaThread "Cache worker for file hash cache (D:\TheAndroidProject\.gradle\4.4\fileHashes)" [_thread_blocked, id=32244, stack(0x000000001e140000,0x000000001e240000)]
  0x000000001b9ff000 JavaThread "File lock request listener" [_thread_in_native, id=26432, stack(0x000000001e040000,0x000000001e140000)]
  0x000000001ba4b000 JavaThread "Cache worker for file hash cache (C:\Users\Thinkad\.gradle\caches\4.4\fileHashes)" [_thread_blocked, id=18792, stack(0x000000001cf70000,0x000000001d070000)]
  0x000000001b912000 JavaThread "Asynchronous log dispatcher for DefaultDaemonConnection: socket connection from /127.0.0.1:5769 to /127.0.0.1:5774" [_thread_blocked, id=18356, stack(0x000000001cb70000,0x000000001cc70000)]
  0x000000001b911000 JavaThread "Daemon worker" [_thread_in_native, id=20920, stack(0x000000001ca70000,0x000000001cb70000)]
  0x000000001b93e800 JavaThread "Cancel handler" [_thread_blocked, id=18256, stack(0x000000001c970000,0x000000001ca70000)]
  0x000000001b894800 JavaThread "Handler for socket connection from /127.0.0.1:5769 to /127.0.0.1:5774" [_thread_in_native, id=23020, stack(0x000000001c670000,0x000000001c770000)]
  0x000000001b6f0800 JavaThread "Daemon" [_thread_blocked, id=10548, stack(0x000000001c570000,0x000000001c670000)]
  0x000000001b682800 JavaThread "Daemon periodic checks" [_thread_blocked, id=31520, stack(0x000000001c470000,0x000000001c570000)]
  0x000000001b681800 JavaThread "Incoming local TCP Connector on port 5769" [_thread_in_native, id=4248, stack(0x000000001c2d0000,0x000000001c3d0000)]
  0x0000000019e2f800 JavaThread "Service Thread" daemon [_thread_blocked, id=14368, stack(0x000000001a6e0000,0x000000001a7e0000)]
  0x0000000019e02800 JavaThread "C1 CompilerThread2" daemon [_thread_blocked, id=19272, stack(0x000000001a5e0000,0x000000001a6e0000)]
  0x000000001898d800 JavaThread "C2 CompilerThread1" daemon [_thread_in_native, id=7424, stack(0x000000001a4e0000,0x000000001a5e0000)]
=>0x0000000018989800 JavaThread "C2 CompilerThread0" daemon [_thread_in_native, id=29860, stack(0x000000001a3e0000,0x000000001a4e0000)]
  0x000000001893c800 JavaThread "Attach Listener" daemon [_thread_blocked, id=28632, stack(0x000000001a2e0000,0x000000001a3e0000)]
  0x0000000019de8800 JavaThread "Signal Dispatcher" daemon [_thread_blocked, id=23376, stack(0x000000001a1e0000,0x000000001a2e0000)]
  0x0000000018918800 JavaThread "Finalizer" daemon [_thread_blocked, id=33412, stack(0x0000000019b80000,0x0000000019c80000)]
  0x00000000188f7000 JavaThread "Reference Handler" daemon [_thread_blocked, id=4532, stack(0x0000000019a80000,0x0000000019b80000)]
  0x00000000032ae000 JavaThread "main" [_thread_blocked, id=4140, stack(0x0000000004da0000,0x0000000004ea0000)]

Other Threads:
  0x00000000188f6000 VMThread [stack: 0x0000000019980000,0x0000000019a80000] [id=19916]
  0x0000000019e38800 WatcherThread [stack: 0x000000001a7e0000,0x000000001a8e0000] [id=29840]

VM state:not at safepoint (normal execution)

VM Mutex/Monitor currently owned by a thread: None

Heap:
 PSYoungGen      total 237568K, used 136098K [0x00000000e0000000, 0x00000000f3380000, 0x0000000100000000)
  eden space 212992K, 63% used [0x00000000e0000000,0x00000000e84e89c0,0x00000000ed000000)
  from space 24576K, 0% used [0x00000000ed000000,0x00000000ed000000,0x00000000ee800000)
  to   space 24064K, 0% used [0x00000000f1c00000,0x00000000f1c00000,0x00000000f3380000)
 ParOldGen       total 134656K, used 38276K [0x00000000a0000000, 0x00000000a8380000, 0x00000000e0000000)
  object space 134656K, 28% used [0x00000000a0000000,0x00000000a2561288,0x00000000a8380000)
 Metaspace       used 64269K, capacity 66187K, committed 66520K, reserved 1105920K
  class space    used 8647K, capacity 9119K, committed 9216K, reserved 1048576K

Card table byte_map: [0x0000000014360000,0x0000000014670000] byte_map_base: 0x0000000013e60000

Marking Bits: (ParMarkBitMap*) 0x000000006e424970
 Begin Bits: [0x0000000014c70000, 0x0000000016470000)
 End Bits:   [0x0000000016470000, 0x0000000017c70000)

Polling page: 0x0000000003250000

CodeCache: size=245760Kb used=25245Kb max_used=25245Kb free=220514Kb
 bounds [0x0000000004fa0000, 0x0000000006860000, 0x0000000013fa0000]
 total_blobs=8604 nmethods=7794 adapters=723
 compilation: enabled

Compilation events (10 events):
Event: 66.147 Thread 0x0000000019e02800 8982       1       java.util.logging.LogRecord::getResourceBundle (5 bytes)
Event: 66.147 Thread 0x0000000019e02800 nmethod 8982 0x000000000685b950 code [0x000000000685baa0, 0x000000000685bbb0]
Event: 66.147 Thread 0x0000000019e02800 8983       1       java.util.logging.LogRecord::getParameters (5 bytes)
Event: 66.147 Thread 0x0000000019e02800 nmethod 8983 0x000000000685bc10 code [0x000000000685bd60, 0x000000000685be70]
Event: 66.147 Thread 0x0000000019e02800 8984       1       java.util.logging.LogRecord::getThrown (5 bytes)
Event: 66.148 Thread 0x0000000019e02800 nmethod 8984 0x000000000685bed0 code [0x000000000685c020, 0x000000000685c130]
Event: 66.150 Thread 0x0000000019e02800 8985       3       java.io.ObjectOutputStream::writeNonProxyDesc (109 bytes)
Event: 66.153 Thread 0x0000000019e02800 nmethod 8985 0x000000000685c190 code [0x000000000685c4c0, 0x000000000685da08]
Event: 66.153 Thread 0x0000000019e02800 8986       3       java.io.ObjectStreamClass::getSuperDesc (9 bytes)
Event: 66.153 Thread 0x0000000019e02800 nmethod 8986 0x000000000685e550 code [0x000000000685e6c0, 0x000000000685e988]

GC Heap History (10 events):
Event: 23.645 GC heap before
{Heap before GC invocations=10 (full 2):
 PSYoungGen      total 141312K, used 131072K [0x00000000e0000000, 0x00000000ec400000, 0x0000000100000000)
  eden space 131072K, 100% used [0x00000000e0000000,0x00000000e8000000,0x00000000e8000000)
  from space 10240K, 0% used [0x00000000e8000000,0x00000000e8000000,0x00000000e8a00000)
  to   space 12800K, 0% used [0x00000000eb780000,0x00000000eb780000,0x00000000ec400000)
 ParOldGen       total 89600K, used 19854K [0x00000000a0000000, 0x00000000a5780000, 0x00000000e0000000)
  object space 89600K, 22% used [0x00000000a0000000,0x00000000a1363ab8,0x00000000a5780000)
 Metaspace       used 42219K, capacity 43188K, committed 43352K, reserved 1087488K
  class space    used 5734K, capacity 6009K, committed 6016K, reserved 1048576K
Event: 23.678 GC heap after
Heap after GC invocations=10 (full 2):
 PSYoungGen      total 185856K, used 12774K [0x00000000e0000000, 0x00000000edd00000, 0x0000000100000000)
  eden space 173056K, 0% used [0x00000000e0000000,0x00000000e0000000,0x00000000ea900000)
  from space 12800K, 99% used [0x00000000eb780000,0x00000000ec3f9ae8,0x00000000ec400000)
  to   space 14848K, 0% used [0x00000000ea900000,0x00000000ea900000,0x00000000eb780000)
 ParOldGen       total 89600K, used 20782K [0x00000000a0000000, 0x00000000a5780000, 0x00000000e0000000)
  object space 89600K, 23% used [0x00000000a0000000,0x00000000a144b848,0x00000000a5780000)
 Metaspace       used 42219K, capacity 43188K, committed 43352K, reserved 1087488K
  class space    used 5734K, capacity 6009K, committed 6016K, reserved 1048576K
}
Event: 28.563 GC heap before
{Heap before GC invocations=11 (full 2):
 PSYoungGen      total 185856K, used 185830K [0x00000000e0000000, 0x00000000edd00000, 0x0000000100000000)
  eden space 173056K, 100% used [0x00000000e0000000,0x00000000ea900000,0x00000000ea900000)
  from space 12800K, 99% used [0x00000000eb780000,0x00000000ec3f9ae8,0x00000000ec400000)
  to   space 14848K, 0% used [0x00000000ea900000,0x00000000ea900000,0x00000000eb780000)
 ParOldGen       total 89600K, used 20782K [0x00000000a0000000, 0x00000000a5780000, 0x00000000e0000000)
  object space 89600K, 23% used [0x00000000a0000000,0x00000000a144b848,0x00000000a5780000)
 Metaspace       used 48468K, capacity 49606K, committed 49880K, reserved 1091584K
  class space    used 6503K, capacity 6804K, committed 6912K, reserved 1048576K
Event: 28.586 GC heap after
Heap after GC invocations=11 (full 2):
 PSYoungGen      total 187904K, used 14770K [0x00000000e0000000, 0x00000000ef880000, 0x0000000100000000)
  eden space 173056K, 0% used [0x00000000e0000000,0x00000000e0000000,0x00000000ea900000)
  from space 14848K, 99% used [0x00000000ea900000,0x00000000eb76ca20,0x00000000eb780000)
  to   space 16896K, 0% used [0x00000000ee800000,0x00000000ee800000,0x00000000ef880000)
 ParOldGen       total 89600K, used 20854K [0x00000000a0000000, 0x00000000a5780000, 0x00000000e0000000)
  object space 89600K, 23% used [0x00000000a0000000,0x00000000a145d858,0x00000000a5780000)
 Metaspace       used 48468K, capacity 49606K, committed 49880K, reserved 1091584K
  class space    used 6503K, capacity 6804K, committed 6912K, reserved 1048576K
}
Event: 39.154 GC heap before
{Heap before GC invocations=12 (full 2):
 PSYoungGen      total 187904K, used 187826K [0x00000000e0000000, 0x00000000ef880000, 0x0000000100000000)
  eden space 173056K, 100% used [0x00000000e0000000,0x00000000ea900000,0x00000000ea900000)
  from space 14848K, 99% used [0x00000000ea900000,0x00000000eb76ca20,0x00000000eb780000)
  to   space 16896K, 0% used [0x00000000ee800000,0x00000000ee800000,0x00000000ef880000)
 ParOldGen       total 89600K, used 20854K [0x00000000a0000000, 0x00000000a5780000, 0x00000000e0000000)
  object space 89600K, 23% used [0x00000000a0000000,0x00000000a145d858,0x00000000a5780000)
 Metaspace       used 56900K, capacity 58594K, committed 58840K, reserved 1099776K
  class space    used 7653K, capacity 8080K, committed 8192K, reserved 1048576K
Event: 39.228 GC heap after
Heap after GC invocations=12 (full 2):
 PSYoungGen      total 229888K, used 16882K [0x00000000e0000000, 0x00000000f0580000, 0x0000000100000000)
  eden space 212992K, 0% used [0x00000000e0000000,0x00000000e0000000,0x00000000ed000000)
  from space 16896K, 99% used [0x00000000ee800000,0x00000000ef87c918,0x00000000ef880000)
  to   space 24576K, 0% used [0x00000000ed000000,0x00000000ed000000,0x00000000ee800000)
 ParOldGen       total 89600K, used 36655K [0x00000000a0000000, 0x00000000a5780000, 0x00000000e0000000)
  object space 89600K, 40% used [0x00000000a0000000,0x00000000a23cbd38,0x00000000a5780000)
 Metaspace       used 56900K, capacity 58594K, committed 58840K, reserved 1099776K
  class space    used 7653K, capacity 8080K, committed 8192K, reserved 1048576K
}
Event: 42.936 GC heap before
{Heap before GC invocations=13 (full 2):
 PSYoungGen      total 229888K, used 53838K [0x00000000e0000000, 0x00000000f0580000, 0x0000000100000000)
  eden space 212992K, 17% used [0x00000000e0000000,0x00000000e2417268,0x00000000ed000000)
  from space 16896K, 99% used [0x00000000ee800000,0x00000000ef87c918,0x00000000ef880000)
  to   space 24576K, 0% used [0x00000000ed000000,0x00000000ed000000,0x00000000ee800000)
 ParOldGen       total 89600K, used 36655K [0x00000000a0000000, 0x00000000a5780000, 0x00000000e0000000)
  object space 89600K, 40% used [0x00000000a0000000,0x00000000a23cbd38,0x00000000a5780000)
 Metaspace       used 57254K, capacity 58904K, committed 59028K, reserved 1099776K
  class space    used 7685K, capacity 8119K, committed 8192K, reserved 1048576K
Event: 42.960 GC heap after
Heap after GC invocations=13 (full 2):
 PSYoungGen      total 237568K, used 13438K [0x00000000e0000000, 0x00000000f3380000, 0x0000000100000000)
  eden space 212992K, 0% used [0x00000000e0000000,0x00000000e0000000,0x00000000ed000000)
  from space 24576K, 54% used [0x00000000ed000000,0x00000000edd1f988,0x00000000ee800000)
  to   space 24064K, 0% used [0x00000000f1c00000,0x00000000f1c00000,0x00000000f3380000)
 ParOldGen       total 89600K, used 41318K [0x00000000a0000000, 0x00000000a5780000, 0x00000000e0000000)
  object space 89600K, 46% used [0x00000000a0000000,0x00000000a2859960,0x00000000a5780000)
 Metaspace       used 57254K, capacity 58904K, committed 59028K, reserved 1099776K
  class space    used 7685K, capacity 8119K, committed 8192K, reserved 1048576K
}
Event: 42.960 GC heap before
{Heap before GC invocations=14 (full 3):
 PSYoungGen      total 237568K, used 13438K [0x00000000e0000000, 0x00000000f3380000, 0x0000000100000000)
  eden space 212992K, 0% used [0x00000000e0000000,0x00000000e0000000,0x00000000ed000000)
  from space 24576K, 54% used [0x00000000ed000000,0x00000000edd1f988,0x00000000ee800000)
  to   space 24064K, 0% used [0x00000000f1c00000,0x00000000f1c00000,0x00000000f3380000)
 ParOldGen       total 89600K, used 41318K [0x00000000a0000000, 0x00000000a5780000, 0x00000000e0000000)
  object space 89600K, 46% used [0x00000000a0000000,0x00000000a2859960,0x00000000a5780000)
 Metaspace       used 57254K, capacity 58904K, committed 59028K, reserved 1099776K
  class space    used 7685K, capacity 8119K, committed 8192K, reserved 1048576K
Event: 43.200 GC heap after
Heap after GC invocations=14 (full 3):
 PSYoungGen      total 237568K, used 0K [0x00000000e0000000, 0x00000000f3380000, 0x0000000100000000)
  eden space 212992K, 0% used [0x00000000e0000000,0x00000000e0000000,0x00000000ed000000)
  from space 24576K, 0% used [0x00000000ed000000,0x00000000ed000000,0x00000000ee800000)
  to   space 24064K, 0% used [0x00000000f1c00000,0x00000000f1c00000,0x00000000f3380000)
 ParOldGen       total 134656K, used 38276K [0x00000000a0000000, 0x00000000a8380000, 0x00000000e0000000)
  object space 134656K, 28% used [0x00000000a0000000,0x00000000a2561288,0x00000000a8380000)
 Metaspace       used 57254K, capacity 58904K, committed 59028K, reserved 1099776K
  class space    used 7685K, capacity 8119K, committed 8192K, reserved 1048576K
}

Deoptimization events (10 events):
Event: 65.954 Thread 0x000000001b911000 Uncommon trap: reason=unstable_if action=reinterpret pc=0x000000000536ac90 method=java.io.ObjectOutputStream$BlockDataOutputStream.write([BIIZ)V @ 2
Event: 65.978 Thread 0x000000001b911000 Uncommon trap: reason=bimorphic action=maybe_recompile pc=0x0000000005512104 method=java.io.DataOutputStream.writeShort(I)V @ 12
Event: 66.036 Thread 0x000000001b911000 Uncommon trap: reason=unstable_if action=reinterpret pc=0x0000000006444bdc method=java.io.ObjectOutputStream$BlockDataOutputStream.writeBytes(Ljava/lang/String;)V @ 22
Event: 66.036 Thread 0x000000001b911000 Uncommon trap: reason=unstable_if action=reinterpret pc=0x000000000553672c method=java.io.ObjectOutputStream$BlockDataOutputStream.writeBytes(Ljava/lang/String;)V @ 22
Event: 66.040 Thread 0x000000001b911000 Uncommon trap: reason=unstable_if action=reinterpret pc=0x00000000065e7638 method=java.io.ObjectOutputStream$HandleTable.assign(Ljava/lang/Object;)I @ 24
Event: 66.042 Thread 0x000000001b911000 Uncommon trap: reason=unstable_if action=reinterpret pc=0x000000000543ef40 method=java.io.ObjectStreamClass.hasWriteObjectMethod()Z @ 8
Event: 66.044 Thread 0x000000001b911000 Uncommon trap: reason=unstable_if action=reinterpret pc=0x00000000064492c8 method=java.io.ObjectOutputStream$HandleTable.assign(Ljava/lang/Object;)I @ 24
Event: 66.127 Thread 0x000000001f192000 Uncommon trap: reason=class_check action=maybe_recompile pc=0x000000000652bcb0 method=java.lang.ThreadLocal.set(Ljava/lang/Object;)V @ 26
Event: 66.149 Thread 0x000000001f192000 Uncommon trap: reason=bimorphic action=maybe_recompile pc=0x0000000005ea12f8 method=java.util.Hashtable.get(Ljava/lang/Object;)Ljava/lang/Object; @ 6
Event: 66.150 Thread 0x000000001f192000 Uncommon trap: reason=bimorphic action=maybe_recompile pc=0x0000000005ea12f8 method=java.util.Hashtable.get(Ljava/lang/Object;)Ljava/lang/Object; @ 6

Classes redefined (0 events):
No events

Internal exceptions (10 events):
Event: 65.939 Thread 0x000000001b911000 Exception <a 'java/lang/NoSuchMethodError': <clinit>> (0x00000000e7dd9270) thrown at [D:\src\AOSP-openjdk-cygwin\jdk8u\hotspot\src\share\vm\prims\jni.cpp, line 1613]
Event: 65.949 Thread 0x000000001b911000 Exception <a 'java/lang/NoSuchMethodError': <clinit>> (0x00000000e7df0670) thrown at [D:\src\AOSP-openjdk-cygwin\jdk8u\hotspot\src\share\vm\prims\jni.cpp, line 1613]
Event: 65.953 Thread 0x000000001b911000 Exception <a 'java/lang/NoSuchMethodError': <clinit>> (0x00000000e7e1aa80) thrown at [D:\src\AOSP-openjdk-cygwin\jdk8u\hotspot\src\share\vm\prims\jni.cpp, line 1613]
Event: 65.974 Thread 0x000000001f190800 Exception <a 'java/lang/InterruptedException'> (0x00000000e80576e8) thrown at [D:\src\AOSP-openjdk-cygwin\jdk8u\hotspot\src\share\vm\runtime\objectMonitor.cpp, line 1684]
Event: 65.994 Thread 0x000000001b911000 Exception <a 'java/lang/NoSuchMethodError': <clinit>> (0x00000000e7e61de8) thrown at [D:\src\AOSP-openjdk-cygwin\jdk8u\hotspot\src\share\vm\prims\jni.cpp, line 1613]
Event: 65.995 Thread 0x000000001b911000 Exception <a 'java/lang/NoSuchMethodError': <clinit>> (0x00000000e7e726e0) thrown at [D:\src\AOSP-openjdk-cygwin\jdk8u\hotspot\src\share\vm\prims\jni.cpp, line 1613]
Event: 65.996 Thread 0x000000001b911000 Exception <a 'java/lang/NoSuchMethodError': <clinit>> (0x00000000e7e86f70) thrown at [D:\src\AOSP-openjdk-cygwin\jdk8u\hotspot\src\share\vm\prims\jni.cpp, line 1613]
Event: 66.007 Thread 0x000000001b911000 Exception <a 'java/lang/NoSuchMethodError': <clinit>> (0x00000000e7eb81f8) thrown at [D:\src\AOSP-openjdk-cygwin\jdk8u\hotspot\src\share\vm\prims\jni.cpp, line 1613]
Event: 66.036 Thread 0x000000001b911000 Exception <a 'java/lang/NoSuchMethodError': <clinit>> (0x00000000e7fd0238) thrown at [D:\src\AOSP-openjdk-cygwin\jdk8u\hotspot\src\share\vm\prims\jni.cpp, line 1613]
Event: 66.040 Thread 0x000000001b911000 Exception <a 'java/lang/NoSuchMethodError': <clinit>> (0x00000000e8113850) thrown at [D:\src\AOSP-openjdk-cygwin\jdk8u\hotspot\src\share\vm\prims\jni.cpp, line 1613]

Events (10 events):
Event: 66.149 Executing VM operation: RevokeBias done
Event: 66.149 Thread 0x000000001f192000 DEOPT PACKING pc=0x0000000005ea12f8 sp=0x0000000027bad1b0
Event: 66.149 Thread 0x000000001f192000 DEOPT UNPACKING pc=0x0000000004fe557b sp=0x0000000027bad168 mode 2
Event: 66.149 loading class sun/rmi/transport/SequenceEntry
Event: 66.149 loading class sun/rmi/transport/SequenceEntry done
Event: 66.150 Thread 0x000000001f192000 Uncommon trap: trap_request=0xffffffc6 fr.pc=0x0000000005ea12f8
Event: 66.150 Executing VM operation: RevokeBias
Event: 66.150 Executing VM operation: RevokeBias done
Event: 66.150 Thread 0x000000001f192000 DEOPT PACKING pc=0x0000000005ea12f8 sp=0x0000000027bad1b0
Event: 66.150 Thread 0x000000001f192000 DEOPT UNPACKING pc=0x0000000004fe557b sp=0x0000000027bad168 mode 2


Dynamic libraries:
0x00007ff6bab70000 - 0x00007ff6baba1000 	D:\Android\Android Studio\jre\bin\java.exe
0x00007ffca2700000 - 0x00007ffca28e0000 	C:\WINDOWS\SYSTEM32\ntdll.dll
0x00007ffca1b00000 - 0x00007ffca1bae000 	C:\WINDOWS\System32\KERNEL32.DLL
0x00007ffc9ed90000 - 0x00007ffc9eff6000 	C:\WINDOWS\System32\KERNELBASE.dll
0x00007ffca2440000 - 0x00007ffca24e1000 	C:\WINDOWS\System32\ADVAPI32.dll
0x00007ffc9fbd0000 - 0x00007ffc9fc6d000 	C:\WINDOWS\System32\msvcrt.dll
0x00007ffca1e10000 - 0x00007ffca1e6b000 	C:\WINDOWS\System32\sechost.dll
0x00007ffca1810000 - 0x00007ffca192f000 	C:\WINDOWS\System32\RPCRT4.dll
0x00007ffca1250000 - 0x00007ffca13df000 	C:\WINDOWS\System32\USER32.dll
0x00007ffc9eb50000 - 0x00007ffc9eb70000 	C:\WINDOWS\System32\win32u.dll
0x00007ffca2550000 - 0x00007ffca2578000 	C:\WINDOWS\System32\GDI32.dll
0x00007ffc9f000000 - 0x00007ffc9f194000 	C:\WINDOWS\System32\gdi32full.dll
0x00007ffc9eb70000 - 0x00007ffc9ec0b000 	C:\WINDOWS\System32\msvcp_win.dll
0x00007ffc9ec90000 - 0x00007ffc9ed86000 	C:\WINDOWS\System32\ucrtbase.dll
0x00007ffc92dd0000 - 0x00007ffc93039000 	C:\WINDOWS\WinSxS\amd64_microsoft.windows.common-controls_6595b64144ccf1df_6.0.16299.64_none_cc9304e22215ca8f\COMCTL32.dll
0x00007ffca13e0000 - 0x00007ffca16e8000 	C:\WINDOWS\System32\combase.dll
0x00007ffc9ec10000 - 0x00007ffc9ec82000 	C:\WINDOWS\System32\bcryptPrimitives.dll
0x00007ffca1c70000 - 0x00007ffca1c9d000 	C:\WINDOWS\System32\IMM32.DLL
0x000000006db80000 - 0x000000006dc52000 	D:\Android\Android Studio\jre\jre\bin\msvcr100.dll
0x000000006dc60000 - 0x000000006e49f000 	D:\Android\Android Studio\jre\jre\bin\server\jvm.dll
0x00007ffca17d0000 - 0x00007ffca17d8000 	C:\WINDOWS\System32\PSAPI.DLL
0x00007ffc9bad0000 - 0x00007ffc9bad9000 	C:\WINDOWS\SYSTEM32\WSOCK32.dll
0x00007ffca23d0000 - 0x00007ffca243c000 	C:\WINDOWS\System32\WS2_32.dll
0x00007ffc9b3a0000 - 0x00007ffc9b3c3000 	C:\WINDOWS\SYSTEM32\WINMM.dll
0x00007ffc946e0000 - 0x00007ffc946ea000 	C:\WINDOWS\SYSTEM32\VERSION.dll
0x00007ffc9b370000 - 0x00007ffc9b39a000 	C:\WINDOWS\SYSTEM32\WINMMBASE.dll
0x00007ffc9eb00000 - 0x00007ffc9eb4a000 	C:\WINDOWS\System32\cfgmgr32.dll
0x00007ffc9bac0000 - 0x00007ffc9bacf000 	D:\Android\Android Studio\jre\jre\bin\verify.dll
0x00007ffc9b990000 - 0x00007ffc9b9b9000 	D:\Android\Android Studio\jre\jre\bin\java.dll
0x00007ffc9a850000 - 0x00007ffc9a866000 	D:\Android\Android Studio\jre\jre\bin\zip.dll
0x00007ffc9fc70000 - 0x00007ffca10a7000 	C:\WINDOWS\System32\SHELL32.dll
0x00007ffca1bb0000 - 0x00007ffca1c56000 	C:\WINDOWS\System32\shcore.dll
0x00007ffc9f1a0000 - 0x00007ffc9f8e7000 	C:\WINDOWS\System32\windows.storage.dll
0x00007ffca1930000 - 0x00007ffca1981000 	C:\WINDOWS\System32\shlwapi.dll
0x00007ffc9eae0000 - 0x00007ffc9eaf1000 	C:\WINDOWS\System32\kernel.appcore.dll
0x00007ffc9ea50000 - 0x00007ffc9ea9c000 	C:\WINDOWS\System32\powrprof.dll
0x00007ffc9eac0000 - 0x00007ffc9eadb000 	C:\WINDOWS\System32\profapi.dll
0x00007ffc9a370000 - 0x00007ffc9a38a000 	D:\Android\Android Studio\jre\jre\bin\net.dll
0x00007ffc9e280000 - 0x00007ffc9e2e6000 	C:\WINDOWS\system32\mswsock.dll
0x00007ffc99b60000 - 0x00007ffc99b71000 	D:\Android\Android Studio\jre\jre\bin\nio.dll
0x00007ffc99a40000 - 0x00007ffc99a5e000 	C:\Users\Thinkad\.gradle\native\25\windows-amd64\native-platform.dll
0x00007ffc9ba40000 - 0x00007ffc9ba4d000 	D:\Android\Android Studio\jre\jre\bin\management.dll
0x00007ffc9e440000 - 0x00007ffc9e457000 	C:\WINDOWS\SYSTEM32\CRYPTSP.dll
0x00007ffc9de90000 - 0x00007ffc9dec3000 	C:\WINDOWS\system32\rsaenh.dll
0x00007ffc9e550000 - 0x00007ffc9e575000 	C:\WINDOWS\SYSTEM32\bcrypt.dll
0x00007ffc9e980000 - 0x00007ffc9e9a9000 	C:\WINDOWS\SYSTEM32\USERENV.dll
0x00007ffc9e460000 - 0x00007ffc9e46b000 	C:\WINDOWS\SYSTEM32\CRYPTBASE.dll
0x00007ffc9e010000 - 0x00007ffc9e049000 	C:\WINDOWS\SYSTEM32\IPHLPAPI.DLL
0x00007ffca1800000 - 0x00007ffca1808000 	C:\WINDOWS\System32\NSI.dll
0x00007ffc980f0000 - 0x00007ffc98106000 	C:\WINDOWS\SYSTEM32\dhcpcsvc6.DLL
0x00007ffc980d0000 - 0x00007ffc980ea000 	C:\WINDOWS\SYSTEM32\dhcpcsvc.DLL
0x00007ffc9aa10000 - 0x00007ffc9aa2e000 	C:\Users\Thinkad\AppData\Local\Temp\native-platform7434887408763824325dir\native-platform.dll

VM Arguments:
jvm_args: -Xmx1536m -Dfile.encoding=GBK -Duser.country=CN -Duser.language=zh -Duser.variant 
java_command: org.gradle.launcher.daemon.bootstrap.GradleDaemon 4.4
java_class_path (initial): C:\Users\Thinkad\.gradle\wrapper\dists\gradle-4.4-all\9br9xq1tocpiv8o6njlyu5op1\gradle-4.4\lib\gradle-launcher-4.4.jar
Launcher Type: SUN_STANDARD

Environment Variables:
JAVA_HOME=D:\Java\jdk1.8.0_171
PATH=C:\Program Files (x86)\Common Files\Oracle\Java\javapath;C:\Program Files (x86)\Intel\iCLS Client\;C:\Program Files\Intel\iCLS Client\;C:\Windows\system32;C:\Windows;C:\Windows\System32\Wbem;C:\Windows\System32\WindowsPowerShell\v1.0\;C:\Program Files (x86)\NVIDIA Corporation\PhysX\Common;C:\Program Files (x86)\Intel\Intel(R) Management Engine Components\DAL;C:\Program Files\Intel\Intel(R) Management Engine Components\DAL;C:\Program Files (x86)\Intel\Intel(R) Management Engine Components\IPT;C:\Program Files\Intel\Intel(R) Management Engine Components\IPT;C:\WINDOWS\system32;C:\WINDOWS;C:\WINDOWS\System32\Wbem;C:\WINDOWS\System32\WindowsPowerShell\v1.0\;C:\;C:\Git\cmd;D:\MacType;D:\Java\jdk1.8.0_171\bin;C:\Users\Thinkad\AppData\Local\Android\Sdk\platform-tools;D:\Microsoft SQL Server\130\Tools\Binn\;D:\MySQL\MySQL Server 8.0\bin;D:\Android\apktools;C:\Users\Thinkad\AppData\Local\Programs\Python\Python36-32\Scripts\;C:\Users\Thinkad\AppData\Local\Programs\Python\Python36-32\;D:\Microsoft Visual C++\Tools\WinNT;D:\Microsoft Visual C++\MSDev98\Bin;D:\Microsoft Visual C++\Tools;D:\VC98\bin;C:\Users\Thinkad\AppData\Local\Microsoft\WindowsApps;C:\Users\Thinkad\AppData\Roaming\npm;D:\Fiddler
USERNAME=Thinkad
OS=Windows_NT
PROCESSOR_IDENTIFIER=Intel64 Family 6 Model 142 Stepping 9, GenuineIntel



---------------  S Y S T E M  ---------------

OS: Windows 10.0 , 64 bit Build 16299 (10.0.16299.15)

CPU:total 4 (initial active 4) (2 cores per cpu, 2 threads per core) family 6 model 142 stepping 9, cmov, cx8, fxsr, mmx, sse, sse2, sse3, ssse3, sse4.1, sse4.2, popcnt, avx, avx2, aes, clmul, erms, 3dnowpref, lzcnt, ht, tsc, tscinvbit, bmi1, bmi2, adx

Memory: 4k page, physical 8294208k(463692k free), swap 19329512k(2588k free)

vm_info: OpenJDK 64-Bit Server VM (25.152-b02) for windows-amd64 JRE (1.8.0_152-release-1024-b02), built by "builder" with MS VC++ 10.0 (VS2010)

time: Mon Nov 12 22:57:01 2018
elapsed time: 66 seconds (0d 0h 1m 6s)

